<?xml version="1.0" encoding="UTF-8"?>
<testsuite name="ApiHelpersVersion.tests.FirstTestDataProviderPostUser" time="0.0" tests="3" errors="0" skipped="0" failures="0">
    <testcase name="FirstTestDataProviderPostUser.getTestActions" classname="ApiHelpersVersion.tests.FirstTestDataProviderPostUser" time="0.0"/>
    <testcase name="FirstTestDataProviderPostUser.getTestActions" classname="ApiHelpersVersion.tests.FirstTestDataProviderPostUser" time="0.0"/>
    <testcase name="FirstTestDataProviderPostUser.getTestActions" classname="ApiHelpersVersion.tests.FirstTestDataProviderPostUser" time="0.0"/>
</testsuite>