<?xml version="1.0" encoding="UTF-8"?>
<testsuite name="ApiHelpersVersion.tests.CreateUserWireMock_Test" time="0.0" tests="1" errors="0" skipped="0" failures="0">
    <testcase name="CreateUserWireMock_Test.getTestActions" classname="ApiHelpersVersion.tests.CreateUserWireMock_Test" time="0.0"/>
</testsuite>