<?xml version="1.0" encoding="UTF-8"?>
<!-- Generated by org.testng.reporters.JUnitReportReporter -->
<testsuite hostname="LAPTOP-4DSKCD1D" failures="0" tests="1" name="ApiHelpersVersion.tests.FirstTestCreateUser" time="1.112" errors="0" timestamp="2022-11-30T23:50:05 MSK" skipped="0">
  <testcase classname="ApiHelpersVersion.tests.FirstTestCreateUser" name="getTestActions" time="1.112"/>
  <system-out/>
</testsuite> <!-- ApiHelpersVersion.tests.FirstTestCreateUser -->
